<?xml version="1.0" encoding="UTF-8"?>
<testsuite xmlns:xsi="http://www.w3.org/2001/XMLSchema-instance" xsi:noNamespaceSchemaLocation="https://maven.apache.org/surefire/maven-surefire-plugin/xsd/surefire-test-report-3.0.xsd" version="3.0" name="com.sensys.nifi.processors.ValidatedPutDatabaseRecordTest" time="1.137" tests="11" errors="0" skipped="0" failures="0">
  <properties>
[...]
</properties>
  <testcase name="testPropertyDescriptors" classname="com.sensys.nifi.processors.ValidatedPutDatabaseRecordTest" time="0.646"/>
  <testcase name="testRelationships" classname="com.sensys.nifi.processors.ValidatedPutDatabaseRecordTest" time="0.005"/>
  <testcase name="testProcessorInheritance" classname="com.sensys.nifi.processors.ValidatedPutDatabaseRecordTest" time="0.0"/>
  <testcase name="testValidationDisabled" classname="com.sensys.nifi.processors.ValidatedPutDatabaseRecordTest" time="0.306"/>
  <testcase name="testMissingOperationId" classname="com.sensys.nifi.processors.ValidatedPutDatabaseRecordTest" time="0.008"/>
  <testcase name="testValidationModeDefaultValue" classname="com.sensys.nifi.processors.ValidatedPutDatabaseRecordTest" time="0.0"/>
  <testcase name="testValidationModeValues" classname="com.sensys.nifi.processors.ValidatedPutDatabaseRecordTest" time="0.014"/>
  <testcase name="testEnableValidationDefaultValue" classname="com.sensys.nifi.processors.ValidatedPutDatabaseRecordTest" time="0.008"/>
  <testcase name="testValidationEnabledRequiresProperties" classname="com.sensys.nifi.processors.ValidatedPutDatabaseRecordTest" time="0.013"/>
  <testcase name="testProcessorCapabilities" classname="com.sensys.nifi.processors.ValidatedPutDatabaseRecordTest" time="0.0"/>
  <testcase name="testOperationIdExpressionLanguage" classname="com.sensys.nifi.processors.ValidatedPutDatabaseRecordTest" time="0.013"/>
</testsuite>